app/build/outputs/logs/manifest-merger-debug-report.txt
-- Merging decision tree log ---
manifest
ADDED from src/main/AndroidManifest.xml:2:1-202:12
INJECTED from src/main/AndroidManifest.xml:2:1-202:12
INJECTED from src/main/AndroidManifest.xml:2:1-202:12
INJECTED from src/main/AndroidManifest.xml:2:1-202:12
INJECTED from src/main/AndroidManifest.xml:2:1-202:12
INJECTED from src/main/AndroidManifest.xml:2:1-202:12
INJECTED from src/main/AndroidManifest.xml:2:1-202:12
	package
		ADDED from src/main/AndroidManifest.xml:3:5-47
		INJECTED from src/main/AndroidManifest.xml
		INJECTED from src/main/AndroidManifest.xml
	android:versionName
		ADDED from src/main/AndroidManifest.xml:5:5-30
		INJECTED from src/main/AndroidManifest.xml
		INJECTED from src/main/AndroidManifest.xml
	xmlns:android
		ADDED from src/main/AndroidManifest.xml:2:11-69
	android:versionCode
		ADDED from src/main/AndroidManifest.xml:4:5-28
		INJECTED from src/main/AndroidManifest.xml
		INJECTED from src/main/AndroidManifest.xml
uses-sdk
ADDED from src/main/AndroidManifest.xml:7:5-8:41
INJECTED from src/main/AndroidManifest.xml:7:5-8:41
INJECTED from src/main/AndroidManifest.xml:7:5-8:41
INJECTED from src/main/AndroidManifest.xml:7:5-8:41
INJECTED from src/main/AndroidManifest.xml:7:5-8:41
	android:targetSdkVersion
		ADDED from src/main/AndroidManifest.xml:8:9-38
		INJECTED from src/main/AndroidManifest.xml
		INJECTED from src/main/AndroidManifest.xml
	android:minSdkVersion
		ADDED from src/main/AndroidManifest.xml:7:15-41
		INJECTED from src/main/AndroidManifest.xml
		INJECTED from src/main/AndroidManifest.xml
application
ADDED from src/main/AndroidManifest.xml:10:5-194:19
	android:label
		ADDED from src/main/AndroidManifest.xml:14:9-41
	android:largeHeap
		ADDED from src/main/AndroidManifest.xml:11:9-33
	android:icon
		ADDED from src/main/AndroidManifest.xml:13:9-38
activity#com.spearheadinc.flashcards.omer.LicencingMainActivity
ADDED from src/main/AndroidManifest.xml:15:9-22:20
	android:screenOrientation
		ADDED from src/main/AndroidManifest.xml:17:13-49
	android:theme
		ADDED from src/main/AndroidManifest.xml:18:13-60
	android:name
		ADDED from src/main/AndroidManifest.xml:16:13-49
intent-filter#category:name:android.intent.category.DEFAULT
ADDED from src/main/AndroidManifest.xml:19:13-21:29
category#android.intent.category.DEFAULT
ADDED from src/main/AndroidManifest.xml:20:17-76
	android:name
		ADDED from src/main/AndroidManifest.xml:20:27-73
activity#com.spearheadinc.flashcards.omer.FlashCards
ADDED from src/main/AndroidManifest.xml:23:9-32:20
	android:screenOrientation
		ADDED from src/main/AndroidManifest.xml:25:13-49
	android:theme
		ADDED from src/main/AndroidManifest.xml:26:13-60
	android:name
		ADDED from src/main/AndroidManifest.xml:24:13-71
intent-filter#action:name:android.intent.action.MAIN+category:name:android.intent.category.LAUNCHER
ADDED from src/main/AndroidManifest.xml:27:13-31:29
action#android.intent.action.MAIN
ADDED from src/main/AndroidManifest.xml:28:17-69
	android:name
		ADDED from src/main/AndroidManifest.xml:28:25-66
category#android.intent.category.LAUNCHER
ADDED from src/main/AndroidManifest.xml:30:17-77
	android:name
		ADDED from src/main/AndroidManifest.xml:30:27-74
activity#com.spearheadinc.flashcards.omer.DeckView
ADDED from src/main/AndroidManifest.xml:33:9-40:20
	android:screenOrientation
		ADDED from src/main/AndroidManifest.xml:35:13-49
	android:theme
		ADDED from src/main/AndroidManifest.xml:36:13-60
	android:name
		ADDED from src/main/AndroidManifest.xml:34:13-69
activity#com.spearheadinc.flashcards.omer.CardDetails
ADDED from src/main/AndroidManifest.xml:41:9-48:20
	android:screenOrientation
		ADDED from src/main/AndroidManifest.xml:43:13-49
	android:theme
		ADDED from src/main/AndroidManifest.xml:44:13-60
	android:name
		ADDED from src/main/AndroidManifest.xml:42:13-72
activity#com.spearheadinc.flashcards.omer.Setting
ADDED from src/main/AndroidManifest.xml:49:9-56:20
	android:screenOrientation
		ADDED from src/main/AndroidManifest.xml:51:13-49
	android:theme
		ADDED from src/main/AndroidManifest.xml:52:13-60
	android:name
		ADDED from src/main/AndroidManifest.xml:50:13-68
activity#com.spearheadinc.flashcards.omer.Help
ADDED from src/main/AndroidManifest.xml:57:9-64:20
	android:screenOrientation
		ADDED from src/main/AndroidManifest.xml:59:13-49
	android:theme
		ADDED from src/main/AndroidManifest.xml:60:13-60
	android:name
		ADDED from src/main/AndroidManifest.xml:58:13-65
activity#com.fadavis.pharmphlashfc.phone.Info
ADDED from src/main/AndroidManifest.xml:65:9-72:20
	android:screenOrientation
		ADDED from src/main/AndroidManifest.xml:67:13-49
	android:theme
		ADDED from src/main/AndroidManifest.xml:68:13-60
	android:name
		ADDED from src/main/AndroidManifest.xml:66:13-64
activity#com.spearheadinc.flashcards.omer.Search
ADDED from src/main/AndroidManifest.xml:73:9-80:20
	android:screenOrientation
		ADDED from src/main/AndroidManifest.xml:75:13-49
	android:theme
		ADDED from src/main/AndroidManifest.xml:76:13-60
	android:name
		ADDED from src/main/AndroidManifest.xml:74:13-67
activity#com.spearheadinc.flashcards.omer.Info
ADDED from src/main/AndroidManifest.xml:81:9-88:20
	android:screenOrientation
		ADDED from src/main/AndroidManifest.xml:83:13-49
	android:theme
		ADDED from src/main/AndroidManifest.xml:84:13-60
	android:name
		ADDED from src/main/AndroidManifest.xml:82:13-32
activity#com.spearheadinc.flashcards.omer.CardNotesDetail
ADDED from src/main/AndroidManifest.xml:89:9-96:20
	android:screenOrientation
		ADDED from src/main/AndroidManifest.xml:91:13-49
	android:theme
		ADDED from src/main/AndroidManifest.xml:92:13-60
	android:name
		ADDED from src/main/AndroidManifest.xml:90:13-43
activity#com.spearheadinc.flashcards.omer.CommentDetails
ADDED from src/main/AndroidManifest.xml:97:9-104:20
	android:screenOrientation
		ADDED from src/main/AndroidManifest.xml:99:13-49
	android:theme
		ADDED from src/main/AndroidManifest.xml:100:13-60
	android:name
		ADDED from src/main/AndroidManifest.xml:98:13-42
activity#com.spearheadinc.flashcards.omer.IndexSearch
ADDED from src/main/AndroidManifest.xml:105:9-112:20
	android:screenOrientation
		ADDED from src/main/AndroidManifest.xml:107:13-49
	android:theme
		ADDED from src/main/AndroidManifest.xml:108:13-60
	android:name
		ADDED from src/main/AndroidManifest.xml:106:13-72
activity#com.spearheadinc.flashcards.omer.VoiceNoteDetails
ADDED from src/main/AndroidManifest.xml:113:9-120:20
	android:screenOrientation
		ADDED from src/main/AndroidManifest.xml:115:13-49
	android:theme
		ADDED from src/main/AndroidManifest.xml:116:13-60
	android:name
		ADDED from src/main/AndroidManifest.xml:114:13-77
activity#com.spearheadinc.flashcards.omer.NewComments
ADDED from src/main/AndroidManifest.xml:121:9-128:20
	android:screenOrientation
		ADDED from src/main/AndroidManifest.xml:123:13-49
	android:theme
		ADDED from src/main/AndroidManifest.xml:124:13-60
	android:name
		ADDED from src/main/AndroidManifest.xml:122:13-72
activity#com.spearheadinc.flashcards.omer.NewVoiceNotes
ADDED from src/main/AndroidManifest.xml:129:9-136:20
	android:screenOrientation
		ADDED from src/main/AndroidManifest.xml:131:13-49
	android:theme
		ADDED from src/main/AndroidManifest.xml:132:13-60
	android:name
		ADDED from src/main/AndroidManifest.xml:130:13-74
activity#com.spearheadinc.flashcards.omer.MyComments
ADDED from src/main/AndroidManifest.xml:137:9-144:20
	android:screenOrientation
		ADDED from src/main/AndroidManifest.xml:139:13-49
	android:theme
		ADDED from src/main/AndroidManifest.xml:140:13-60
	android:name
		ADDED from src/main/AndroidManifest.xml:138:13-38
activity#com.social.share.twitter.PrepareRequestTokenActivity
ADDED from src/main/AndroidManifest.xml:145:9-159:20
	android:launchMode
		ADDED from src/main/AndroidManifest.xml:147:13-44
	android:name
		ADDED from src/main/AndroidManifest.xml:146:13-80
intent-filter#action:name:android.intent.action.VIEW+category:name:android.intent.category.BROWSABLE+category:name:android.intent.category.DEFAULT+data:host:callback+data:scheme:x-oauthflow-twitter
ADDED from src/main/AndroidManifest.xml:149:13-158:29
action#android.intent.action.VIEW
ADDED from src/main/AndroidManifest.xml:150:17-69
	android:name
		ADDED from src/main/AndroidManifest.xml:150:25-66
category#android.intent.category.BROWSABLE
ADDED from src/main/AndroidManifest.xml:153:17-78
	android:name
		ADDED from src/main/AndroidManifest.xml:153:27-75
data
ADDED from src/main/AndroidManifest.xml:155:17-157:60
	android:host
		ADDED from src/main/AndroidManifest.xml:156:21-44
	android:scheme
		ADDED from src/main/AndroidManifest.xml:157:21-57
activity#com.spearheadinc.flashcards.omer.Introduction
ADDED from src/main/AndroidManifest.xml:160:9-167:20
	android:screenOrientation
		ADDED from src/main/AndroidManifest.xml:162:13-49
	android:theme
		ADDED from src/main/AndroidManifest.xml:163:13-60
	android:name
		ADDED from src/main/AndroidManifest.xml:161:13-73
activity#com.spearheadinc.flashcards.omer.BeforeOmer
ADDED from src/main/AndroidManifest.xml:168:10-175:20
	android:screenOrientation
		ADDED from src/main/AndroidManifest.xml:170:13-49
	android:theme
		ADDED from src/main/AndroidManifest.xml:171:13-60
	android:name
		ADDED from src/main/AndroidManifest.xml:169:13-71
activity#com.spearheadinc.flashcards.omer.AfterOmer
ADDED from src/main/AndroidManifest.xml:176:10-183:20
	android:screenOrientation
		ADDED from src/main/AndroidManifest.xml:178:13-49
	android:theme
		ADDED from src/main/AndroidManifest.xml:179:13-60
	android:name
		ADDED from src/main/AndroidManifest.xml:177:13-70
activity#com.spearheadinc.flashcards.omer.ListCardName
ADDED from src/main/AndroidManifest.xml:184:9-193:20
	android:screenOrientation
		ADDED from src/main/AndroidManifest.xml:187:14-50
	android:label
		ADDED from src/main/AndroidManifest.xml:186:13-66
	android:theme
		ADDED from src/main/AndroidManifest.xml:188:13-60
	android:name
		ADDED from src/main/AndroidManifest.xml:185:13-73
uses-permission#android.permission.INTERNET
ADDED from src/main/AndroidManifest.xml:195:4-66
	android:name
		ADDED from src/main/AndroidManifest.xml:195:21-63
uses-permission#android.permission.READ_CALENDAR
ADDED from src/main/AndroidManifest.xml:196:6-73
	android:name
		ADDED from src/main/AndroidManifest.xml:196:23-70
uses-permission#android.permission.WRITE_CALENDAR
ADDED from src/main/AndroidManifest.xml:197:5-73
	android:name
		ADDED from src/main/AndroidManifest.xml:197:22-70
uses-permission#android.permission.ACCESS_COARSE_LOCATION
ADDED from src/main/AndroidManifest.xml:198:5-80
	android:name
		ADDED from src/main/AndroidManifest.xml:198:22-78
uses-permission#android.permission.ACCESS_FINE_LOCATION
ADDED from src/main/AndroidManifest.xml:199:5-78
	android:name
		ADDED from src/main/AndroidManifest.xml:199:22-76